{"version":3,"sources":["base64.js"],"names":["f","exports","nodeType","module","define","amd","base64","global","self","$","btoa","atob","chars","InvalidCharacterError","message","this","prototype","Error","name","input","block","charCode","str","String","idx","map","output","charAt","charCodeAt","replace","length","bs","buffer","bc","fromCharCode","indexOf"],"mappings":"CAAC,SAASA,GAER,aAGA,GAAuB,iBAAZC,SAAmC,MAAXA,SACH,iBAArBA,QAAQC,SACjBC,OAAOF,QAAUD,SACZ,GAAsB,mBAAXI,QAAuC,MAAdA,OAAOC,IAChDD,OAAQ,GAAIJ,OACP,CACL,IAAIM,EAASN,IACTO,EAAyB,oBAATC,KAAuBA,KAAOC,EAAEF,OACzB,mBAAhBA,EAAOG,OAAqBH,EAAOG,KAAOJ,EAAOI,MACjC,mBAAhBH,EAAOI,OAAqBJ,EAAOI,KAAOL,EAAOK,OAdhE,CAiBG,WAED,aAEA,IAAIC,EAAQ,oEAEZ,SAASC,EAAsBC,GAC7BC,KAAKD,QAAUA,EAoDjB,OAlDAD,EAAsBG,UAAY,IAAIC,OACNC,KAAO,wBAiDhC,CAACR,KA7CR,SAAcS,GAEZ,IADA,IAGMC,EAAOC,EAHTC,EAAMC,OAAQJ,GAGKK,EAAM,EAAGC,EAAMb,EAAOc,EAAS,GAIpDJ,EAAIK,OAAc,EAANH,KAAaC,EAAM,IAAKD,EAAM,GAE1CE,GAAUD,EAAIE,OAAQ,GAAKP,GAAS,EAAII,EAAM,EAAI,GAClD,CAEA,GAAe,KADfH,EAAWC,EAAIM,WAAYJ,GAAO,MAEhC,MAAM,IAAIX,EAAuB,4FAEnCO,EAAQA,GAAS,EAAIC,EAEvB,OAAOK,GA2BWf,KAtBpB,SAAcQ,GACZ,IAAIG,EAAOC,OAAQJ,GAAQU,QAAS,QAAS,IAC7C,GAAIP,EAAIQ,OAAS,GAAM,EACrB,MAAM,IAAIjB,EAAuB,qEAEnC,IAEE,IAAYkB,EAAIC,EAAZC,EAAK,EAAeT,EAAM,EAAGE,EAAS,GAE1CM,EAASV,EAAIK,OAAQH,MAEpBQ,IAAWD,EAAKE,EAAK,EAAS,GAALF,EAAUC,EAASA,EAG3CC,IAAO,KAAKP,GAAUH,OAAOW,aAAc,IAAMH,KAAQ,EAAIE,EAAK,KAGpED,EAASpB,EAAMuB,QAASH,GAE1B,OAAON"}define("ace/ext/linking",["require","exports","module","ace/editor","ace/config"],function(e,t,n){function i(e){var n=e.editor,r=e.getAccelKey();if(r){var n=e.editor,i=e.getDocumentPosition(),s=n.session,o=s.getTokenAt(i.row,i.column);t.previousLinkingHover&&t.previousLinkingHover!=o&&n._emit("linkHoverOut"),n._emit("linkHover",{position:i,token:o}),t.previousLinkingHover=o}else t.previousLinkingHover&&(n._emit("linkHoverOut"),t.previousLinkingHover=!1)}function s(e){var t=e.getAccelKey(),n=e.getButton();if(n==0&&t){var r=e.editor,i=e.getDocumentPosition(),s=r.session,o=s.getTokenAt(i.row,i.column);r._emit("linkClick",{position:i,token:o})}}var r=e("../editor").Editor;e("../config").defineOptions(r.prototype,"editor",{enableLinking:{set:function(e){e?(this.on("click",s),this.on("mousemove",i)):(this.off("click",s),this.off("mousemove",i))},value:!1}}),t.previousLinkingHover=!1});                (function() {
                    window.require(["ace/ext/linking"], function(m) {
                        if (typeof module == "object" && typeof exports == "object" && module) {
                            module.exports = m;
                        }
                    });
                })();
            {
  "origin": "212.107.29.72"
}
{
  "origin": "212.107.29.72"
}
define("ace/ext/linking",["require","exports","module","ace/editor","ace/config"],function(e,t,n){function i(e){var n=e.editor,r=e.getAccelKey();if(r){var n=e.editor,i=e.getDocumentPosition(),s=n.session,o=s.getTokenAt(i.row,i.column);t.previousLinkingHover&&t.previousLinkingHover!=o&&n._emit("linkHoverOut"),n._emit("linkHover",{position:i,token:o}),t.previousLinkingHover=o}else t.previousLinkingHover&&(n._emit("linkHoverOut"),t.previousLinkingHover=!1)}function s(e){var t=e.getAccelKey(),n=e.getButton();if(n==0&&t){var r=e.editor,i=e.getDocumentPosition(),s=r.session,o=s.getTokenAt(i.row,i.column);r._emit("linkClick",{position:i,token:o})}}var r=e("../editor").Editor;e("../config").defineOptions(r.prototype,"editor",{enableLinking:{set:function(e){e?(this.on("click",s),this.on("mousemove",i)):(this.off("click",s),this.off("mousemove",i))},value:!1}}),t.previousLinkingHover=!1});                (function() {
                    window.require(["ace/ext/linking"], function(m) {
                        if (typeof module == "object" && typeof exports == "object" && module) {
                            module.exports = m;
                        }
                    });
                })();
            {"version":3,"sources":["base64.js"],"names":["f","exports","nodeType","module","define","amd","base64","global","self","$","btoa","atob","chars","InvalidCharacterError","message","this","prototype","Error","name","input","block","charCode","str","String","idx","map","output","charAt","charCodeAt","replace","length","bs","buffer","bc","fromCharCode","indexOf"],"mappings":"CAAC,SAASA,GAER,aAGA,GAAuB,iBAAZC,SAAmC,MAAXA,SACH,iBAArBA,QAAQC,SACjBC,OAAOF,QAAUD,SACZ,GAAsB,mBAAXI,QAAuC,MAAdA,OAAOC,IAChDD,OAAQ,GAAIJ,OACP,CACL,IAAIM,EAASN,IACTO,EAAyB,oBAATC,KAAuBA,KAAOC,EAAEF,OACzB,mBAAhBA,EAAOG,OAAqBH,EAAOG,KAAOJ,EAAOI,MACjC,mBAAhBH,EAAOI,OAAqBJ,EAAOI,KAAOL,EAAOK,OAdhE,CAiBG,WAED,aAEA,IAAIC,EAAQ,oEAEZ,SAASC,EAAsBC,GAC7BC,KAAKD,QAAUA,EAoDjB,OAlDAD,EAAsBG,UAAY,IAAIC,OACNC,KAAO,wBAiDhC,CAACR,KA7CR,SAAcS,GAEZ,IADA,IAGMC,EAAOC,EAHTC,EAAMC,OAAQJ,GAGKK,EAAM,EAAGC,EAAMb,EAAOc,EAAS,GAIpDJ,EAAIK,OAAc,EAANH,KAAaC,EAAM,IAAKD,EAAM,GAE1CE,GAAUD,EAAIE,OAAQ,GAAKP,GAAS,EAAII,EAAM,EAAI,GAClD,CAEA,GAAe,KADfH,EAAWC,EAAIM,WAAYJ,GAAO,MAEhC,MAAM,IAAIX,EAAuB,4FAEnCO,EAAQA,GAAS,EAAIC,EAEvB,OAAOK,GA2BWf,KAtBpB,SAAcQ,GACZ,IAAIG,EAAOC,OAAQJ,GAAQU,QAAS,QAAS,IAC7C,GAAIP,EAAIQ,OAAS,GAAM,EACrB,MAAM,IAAIjB,EAAuB,qEAEnC,IAEE,IAAYkB,EAAIC,EAAZC,EAAK,EAAeT,EAAM,EAAGE,EAAS,GAE1CM,EAASV,EAAIK,OAAQH,MAEpBQ,IAAWD,EAAKE,EAAK,EAAS,GAALF,EAAUC,EAASA,EAG3CC,IAAO,KAAKP,GAAUH,OAAOW,aAAc,IAAMH,KAAQ,EAAIE,EAAK,KAGpED,EAASpB,EAAMuB,QAASH,GAE1B,OAAON"}{
  "origin": "212.107.29.72"
}
define("ace/ext/linking",["require","exports","module","ace/editor","ace/config"],function(e,t,n){function i(e){var n=e.editor,r=e.getAccelKey();if(r){var n=e.editor,i=e.getDocumentPosition(),s=n.session,o=s.getTokenAt(i.row,i.column);t.previousLinkingHover&&t.previousLinkingHover!=o&&n._emit("linkHoverOut"),n._emit("linkHover",{position:i,token:o}),t.previousLinkingHover=o}else t.previousLinkingHover&&(n._emit("linkHoverOut"),t.previousLinkingHover=!1)}function s(e){var t=e.getAccelKey(),n=e.getButton();if(n==0&&t){var r=e.editor,i=e.getDocumentPosition(),s=r.session,o=s.getTokenAt(i.row,i.column);r._emit("linkClick",{position:i,token:o})}}var r=e("../editor").Editor;e("../config").defineOptions(r.prototype,"editor",{enableLinking:{set:function(e){e?(this.on("click",s),this.on("mousemove",i)):(this.off("click",s),this.off("mousemove",i))},value:!1}}),t.previousLinkingHover=!1});                (function() {
                    window.require(["ace/ext/linking"], function(m) {
                        if (typeof module == "object" && typeof exports == "object" && module) {
                            module.exports = m;
                        }
                    });
                })();
            {"version":3,"sources":["base64.js"],"names":["f","exports","nodeType","module","define","amd","base64","global","self","$","btoa","atob","chars","InvalidCharacterError","message","this","prototype","Error","name","input","block","charCode","str","String","idx","map","output","charAt","charCodeAt","replace","length","bs","buffer","bc","fromCharCode","indexOf"],"mappings":"CAAC,SAASA,GAER,aAGA,GAAuB,iBAAZC,SAAmC,MAAXA,SACH,iBAArBA,QAAQC,SACjBC,OAAOF,QAAUD,SACZ,GAAsB,mBAAXI,QAAuC,MAAdA,OAAOC,IAChDD,OAAQ,GAAIJ,OACP,CACL,IAAIM,EAASN,IACTO,EAAyB,oBAATC,KAAuBA,KAAOC,EAAEF,OACzB,mBAAhBA,EAAOG,OAAqBH,EAAOG,KAAOJ,EAAOI,MACjC,mBAAhBH,EAAOI,OAAqBJ,EAAOI,KAAOL,EAAOK,OAdhE,CAiBG,WAED,aAEA,IAAIC,EAAQ,oEAEZ,SAASC,EAAsBC,GAC7BC,KAAKD,QAAUA,EAoDjB,OAlDAD,EAAsBG,UAAY,IAAIC,OACNC,KAAO,wBAiDhC,CAACR,KA7CR,SAAcS,GAEZ,IADA,IAGMC,EAAOC,EAHTC,EAAMC,OAAQJ,GAGKK,EAAM,EAAGC,EAAMb,EAAOc,EAAS,GAIpDJ,EAAIK,OAAc,EAANH,KAAaC,EAAM,IAAKD,EAAM,GAE1CE,GAAUD,EAAIE,OAAQ,GAAKP,GAAS,EAAII,EAAM,EAAI,GAClD,CAEA,GAAe,KADfH,EAAWC,EAAIM,WAAYJ,GAAO,MAEhC,MAAM,IAAIX,EAAuB,4FAEnCO,EAAQA,GAAS,EAAIC,EAEvB,OAAOK,GA2BWf,KAtBpB,SAAcQ,GACZ,IAAIG,EAAOC,OAAQJ,GAAQU,QAAS,QAAS,IAC7C,GAAIP,EAAIQ,OAAS,GAAM,EACrB,MAAM,IAAIjB,EAAuB,qEAEnC,IAEE,IAAYkB,EAAIC,EAAZC,EAAK,EAAeT,EAAM,EAAGE,EAAS,GAE1CM,EAASV,EAAIK,OAAQH,MAEpBQ,IAAWD,EAAKE,EAAK,EAAS,GAALF,EAAUC,EAASA,EAG3CC,IAAO,KAAKP,GAAUH,OAAOW,aAAc,IAAMH,KAAQ,EAAIE,EAAK,KAGpED,EAASpB,EAAMuB,QAASH,GAE1B,OAAON"}